C:\Program Files (x86)\Microsoft Visual Studio\2017\Community\Common7\IDE\VC\VCTargets\Microsoft.CppBuild.targets(391,5): warning MSB8028: 中間ディレクトリ (Debug\) に別のプロジェクト (DxlibStudyProjects03.vcxproj, DxlibStudyProjects02.vcxproj, DxxlibStudyProjects02.vcxproj) と共有されているファイルが含まれています。これにより、クリーンしてリビルド動作が適切に行われない可能性があります。
  main.cpp
c:\program files (x86)\windows kits\10\include\10.0.16299.0\um\winbase.h(7356): warning C5039: 'TpSetCallbackCleanupGroup': -EHc の extern C 関数に渡された、スローする可能性がある関数へのポインターまたは参照。この関数が例外をスローすると、未定義の動作が発生する可能性があります。
c:\program files (x86)\windows kits\10\include\10.0.16299.0\um\winioctl.h(7542): warning C4668: '_WIN32_WINNT_WIN10_TH2' は、'#if/#elif' を '0' に置換するプリプロセッサ マクロとして定義されていません。
c:\program files (x86)\windows kits\10\include\10.0.16299.0\um\winioctl.h(7548): warning C4668: '_WIN32_WINNT_WIN10_RS1' は、'#if/#elif' を '0' に置換するプリプロセッサ マクロとして定義されていません。
c:\program files (x86)\windows kits\10\include\10.0.16299.0\um\winioctl.h(7553): warning C4668: '_WIN32_WINNT_WIN10_TH2' は、'#if/#elif' を '0' に置換するプリプロセッサ マクロとして定義されていません。
c:\program files (x86)\windows kits\10\include\10.0.16299.0\um\winioctl.h(7557): warning C4668: '_WIN32_WINNT_WIN10_TH2' は、'#if/#elif' を '0' に置換するプリプロセッサ マクロとして定義されていません。
c:\program files (x86)\windows kits\10\include\10.0.16299.0\um\winioctl.h(7564): warning C4668: '_WIN32_WINNT_WIN10_RS2' は、'#if/#elif' を '0' に置換するプリプロセッサ マクロとして定義されていません。
c:\program files (x86)\windows kits\10\include\10.0.16299.0\um\winioctl.h(7574): warning C4668: '_WIN32_WINNT_WIN10_RS2' は、'#if/#elif' を '0' に置換するプリプロセッサ マクロとして定義されていません。
c:\program files (x86)\windows kits\10\include\10.0.16299.0\um\winioctl.h(7578): warning C4668: '_WIN32_WINNT_WIN10_TH2' は、'#if/#elif' を '0' に置換するプリプロセッサ マクロとして定義されていません。
c:\program files (x86)\windows kits\10\include\10.0.16299.0\um\winioctl.h(7583): warning C4668: '_WIN32_WINNT_WIN10_RS3' は、'#if/#elif' を '0' に置換するプリプロセッサ マクロとして定義されていません。
c:\program files (x86)\windows kits\10\include\10.0.16299.0\um\winioctl.h(7777): warning C4668: '_WIN32_WINNT_WIN10_RS2' は、'#if/#elif' を '0' に置換するプリプロセッサ マクロとして定義されていません。
c:\program files (x86)\windows kits\10\include\10.0.16299.0\um\winioctl.h(12232): warning C4668: '_WIN32_WINNT_WIN10_RS2' は、'#if/#elif' を '0' に置換するプリプロセッサ マクロとして定義されていません。
c:\program files (x86)\windows kits\10\include\10.0.16299.0\um\winioctl.h(12249): warning C4668: '_WIN32_WINNT_WIN10_RS3' は、'#if/#elif' を '0' に置換するプリプロセッサ マクロとして定義されていません。
c:\program files (x86)\windows kits\10\include\10.0.16299.0\um\winioctl.h(12266): warning C4668: '_WIN32_WINNT_WIN10_RS3' は、'#if/#elif' を '0' に置換するプリプロセッサ マクロとして定義されていません。
c:\program files (x86)\windows kits\10\include\10.0.16299.0\um\winioctl.h(12285): warning C4668: '_WIN32_WINNT_WIN10_RS2' は、'#if/#elif' を '0' に置換するプリプロセッサ マクロとして定義されていません。
c:\program files (x86)\windows kits\10\include\10.0.16299.0\um\winioctl.h(12404): warning C4668: '_WIN32_WINNT_WIN10_RS3' は、'#if/#elif' を '0' に置換するプリプロセッサ マクロとして定義されていません。
c:\program files (x86)\windows kits\10\include\10.0.16299.0\um\dpa_dsa.h(80): warning C5039: 'DSA_DestroyCallback': -EHc の extern C 関数に渡された、スローする可能性がある関数へのポインターまたは参照。この関数が例外をスローすると、未定義の動作が発生する可能性があります。
c:\program files (x86)\windows kits\10\include\10.0.16299.0\um\dpa_dsa.h(89): warning C5039: 'DSA_EnumCallback': -EHc の extern C 関数に渡された、スローする可能性がある関数へのポインターまたは参照。この関数が例外をスローすると、未定義の動作が発生する可能性があります。
c:\program files (x86)\windows kits\10\include\10.0.16299.0\um\dpa_dsa.h(106): warning C5039: 'DSA_Sort': -EHc の extern C 関数に渡された、スローする可能性がある関数へのポインターまたは参照。この関数が例外をスローすると、未定義の動作が発生する可能性があります。
c:\program files (x86)\windows kits\10\include\10.0.16299.0\um\dpa_dsa.h(132): warning C5039: 'DPA_DestroyCallback': -EHc の extern C 関数に渡された、スローする可能性がある関数へのポインターまたは参照。この関数が例外をスローすると、未定義の動作が発生する可能性があります。
c:\program files (x86)\windows kits\10\include\10.0.16299.0\um\dpa_dsa.h(141): warning C5039: 'DPA_EnumCallback': -EHc の extern C 関数に渡された、スローする可能性がある関数へのポインターまたは参照。この関数が例外をスローすると、未定義の動作が発生する可能性があります。
c:\program files (x86)\windows kits\10\include\10.0.16299.0\um\dpa_dsa.h(165): warning C5039: 'DPA_Sort': -EHc の extern C 関数に渡された、スローする可能性がある関数へのポインターまたは参照。この関数が例外をスローすると、未定義の動作が発生する可能性があります。
c:\program files (x86)\windows kits\10\include\10.0.16299.0\um\dpa_dsa.h(238): warning C5039: 'DPA_Merge': -EHc の extern C 関数に渡された、スローする可能性がある関数へのポインターまたは参照。この関数が例外をスローすると、未定義の動作が発生する可能性があります。
c:\program files (x86)\windows kits\10\include\10.0.16299.0\um\dpa_dsa.h(264): warning C5039: 'DPA_Search': -EHc の extern C 関数に渡された、スローする可能性がある関数へのポインターまたは参照。この関数が例外をスローすると、未定義の動作が発生する可能性があります。
c:\users\naoto.hirosato\documents\dxlib_vc\プロジェクトに追加すべきファイル_vc用\dxlib.h(1130): warning C4820: 'DxLib::tagDRAWCHARINFO': '2' バイトのパディングを データ メンバー 'DxLib::tagDRAWCHARINFO::Bytes' の後に追加しました。
c:\users\naoto.hirosato\documents\dxlib_vc\プロジェクトに追加すべきファイル_vc用\dxlib.h(1169): warning C4820: 'DxLib::tagFILEINFOW': '4' バイトのパディングを データ メンバー 'DxLib::tagFILEINFOW::DirFlag' の後に追加しました。
c:\users\naoto.hirosato\documents\dxlib_vc\プロジェクトに追加すべきファイル_vc用\dxlib.h(1337): warning C4820: 'DxLib::tagHITRESULT_LINE_D': '4' バイトのパディングを データ メンバー 'DxLib::tagHITRESULT_LINE_D::HitFlag' の後に追加しました。
c:\users\naoto.hirosato\documents\dxlib_vc\プロジェクトに追加すべきファイル_vc用\dxlib.h(1442): warning C4820: 'DxLib::tagPLANE_POINT_RESULT_D': '4' バイトのパディングを データ メンバー 'DxLib::tagPLANE_POINT_RESULT_D::Pnt_Plane_Normal_Side' の後に追加しました。
c:\users\naoto.hirosato\documents\dxlib_vc\プロジェクトに追加すべきファイル_vc用\dxlib.h(1753): warning C4820: 'DxLib::tagTOUCHINPUTDATA': '4' バイトのパディングを データ メンバー 'DxLib::tagTOUCHINPUTDATA::Point' の後に追加しました。
c:\program files (x86)\microsoft visual studio\2017\community\vc\tools\msvc\14.16.27023\include\vcruntime_exception.h(25): warning C4820: '__std_exception_data': '3' バイトのパディングを データ メンバー '__std_exception_data::_DoFree' の後に追加しました。
c:\program files (x86)\microsoft visual studio\2017\community\vc\tools\msvc\14.16.27023\include\xmemory0(122): warning C4365: '引数': 'long' から 'unsigned int' に変換しました。signed/unsigned が一致しません。
c:\program files (x86)\microsoft visual studio\2017\community\vc\tools\msvc\14.16.27023\include\xmemory0(132): warning C4365: '引数': 'long' から 'unsigned int' に変換しました。signed/unsigned が一致しません。
c:\program files (x86)\microsoft visual studio\2017\community\vc\tools\msvc\14.16.27023\include\vcruntime_typeinfo.h(44): warning C4820: '__std_type_info_data': '3' バイトのパディングを データ メンバー '__std_type_info_data::_DecoratedName' の後に追加しました。
c:\program files (x86)\microsoft visual studio\2017\community\vc\tools\msvc\14.16.27023\include\xutility(4183): warning C4820: 'std::_Yarn<char>': '3' バイトのパディングを データ メンバー 'std::_Yarn<char>::_Nul' の後に追加しました。
  c:\program files (x86)\microsoft visual studio\2017\community\vc\tools\msvc\14.16.27023\include\xlocinfo(228): note: コンパイル対象の クラス テンプレート インスタンス化 'std::_Yarn<char>' のリファレンスを確認してください
c:\program files (x86)\microsoft visual studio\2017\community\vc\tools\msvc\14.16.27023\include\xutility(4183): warning C4820: 'std::_Yarn<wchar_t>': '2' バイトのパディングを データ メンバー 'std::_Yarn<wchar_t>::_Nul' の後に追加しました。
  c:\program files (x86)\microsoft visual studio\2017\community\vc\tools\msvc\14.16.27023\include\xlocinfo(230): note: コンパイル対象の クラス テンプレート インスタンス化 'std::_Yarn<wchar_t>' のリファレンスを確認してください
c:\program files (x86)\microsoft visual studio\2017\community\vc\tools\msvc\14.16.27023\include\xlocale(247): warning C4820: 'std::locale::_Locimp': '3' バイトのパディングを データ メンバー 'std::locale::_Locimp::_Xparent' の後に追加しました。
c:\program files (x86)\microsoft visual studio\2017\community\vc\tools\msvc\14.16.27023\include\xlocale(488): warning C4820: 'std::locale': '3' バイトのパディングを 基底クラス 'std::_Crt_new_delete' の後に追加しました。
c:\program files (x86)\microsoft visual studio\2017\community\vc\tools\msvc\14.16.27023\include\xlocale(330): warning C4571: 情報: catch(...) の意味が Visual C++ 7.1 から変更されています。構造化例外 (SEH) はキャッチされません。
c:\program files (x86)\microsoft visual studio\2017\community\vc\tools\msvc\14.16.27023\include\xlocale(356): warning C4571: 情報: catch(...) の意味が Visual C++ 7.1 から変更されています。構造化例外 (SEH) はキャッチされません。
c:\program files (x86)\microsoft visual studio\2017\community\vc\tools\msvc\14.16.27023\include\xlocale(812): warning C4625: 'std::codecvt_base': コピー コンストラクターは暗黙的に削除済みとして定義されました
c:\program files (x86)\microsoft visual studio\2017\community\vc\tools\msvc\14.16.27023\include\xlocale(812): warning C4626: 'std::codecvt_base': 代入演算子は暗黙的に削除済みとして定義されました
c:\program files (x86)\microsoft visual studio\2017\community\vc\tools\msvc\14.16.27023\include\xlocale(1353): warning C4625: 'std::codecvt<char16_t,char,_Mbstatet>': コピー コンストラクターは暗黙的に削除済みとして定義されました
c:\program files (x86)\microsoft visual studio\2017\community\vc\tools\msvc\14.16.27023\include\xlocale(1353): warning C4626: 'std::codecvt<char16_t,char,_Mbstatet>': 代入演算子は暗黙的に削除済みとして定義されました
c:\program files (x86)\microsoft visual studio\2017\community\vc\tools\msvc\14.16.27023\include\xlocale(1678): warning C4625: 'std::codecvt<char32_t,char,_Mbstatet>': コピー コンストラクターは暗黙的に削除済みとして定義されました
c:\program files (x86)\microsoft visual studio\2017\community\vc\tools\msvc\14.16.27023\include\xlocale(1678): warning C4626: 'std::codecvt<char32_t,char,_Mbstatet>': 代入演算子は暗黙的に削除済みとして定義されました
c:\program files (x86)\microsoft visual studio\2017\community\vc\tools\msvc\14.16.27023\include\xlocale(1922): warning C4625: 'std::codecvt<wchar_t,char,_Mbstatet>': コピー コンストラクターは暗黙的に削除済みとして定義されました
c:\program files (x86)\microsoft visual studio\2017\community\vc\tools\msvc\14.16.27023\include\xlocale(1922): warning C4626: 'std::codecvt<wchar_t,char,_Mbstatet>': 代入演算子は暗黙的に削除済みとして定義されました
c:\program files (x86)\microsoft visual studio\2017\community\vc\tools\msvc\14.16.27023\include\xlocale(2171): warning C4625: 'std::codecvt<unsigned short,char,_Mbstatet>': コピー コンストラクターは暗黙的に削除済みとして定義されました
c:\program files (x86)\microsoft visual studio\2017\community\vc\tools\msvc\14.16.27023\include\xlocale(2171): warning C4626: 'std::codecvt<unsigned short,char,_Mbstatet>': 代入演算子は暗黙的に削除済みとして定義されました
c:\program files (x86)\microsoft visual studio\2017\community\vc\tools\msvc\14.16.27023\include\xlocale(2219): warning C4625: 'std::ctype_base': コピー コンストラクターは暗黙的に削除済みとして定義されました
c:\program files (x86)\microsoft visual studio\2017\community\vc\tools\msvc\14.16.27023\include\xlocale(2219): warning C4626: 'std::ctype_base': 代入演算子は暗黙的に削除済みとして定義されました
c:\program files (x86)\microsoft visual studio\2017\community\vc\tools\msvc\14.16.27023\include\xlocale(2721): warning C4625: 'std::ctype<char>': コピー コンストラクターは暗黙的に削除済みとして定義されました
c:\program files (x86)\microsoft visual studio\2017\community\vc\tools\msvc\14.16.27023\include\xlocale(2721): warning C4626: 'std::ctype<char>': 代入演算子は暗黙的に削除済みとして定義されました
c:\program files (x86)\microsoft visual studio\2017\community\vc\tools\msvc\14.16.27023\include\xlocale(2962): warning C4625: 'std::ctype<wchar_t>': コピー コンストラクターは暗黙的に削除済みとして定義されました
c:\program files (x86)\microsoft visual studio\2017\community\vc\tools\msvc\14.16.27023\include\xlocale(2962): warning C4626: 'std::ctype<wchar_t>': 代入演算子は暗黙的に削除済みとして定義されました
c:\program files (x86)\microsoft visual studio\2017\community\vc\tools\msvc\14.16.27023\include\xlocale(3205): warning C4625: 'std::ctype<unsigned short>': コピー コンストラクターは暗黙的に削除済みとして定義されました
c:\program files (x86)\microsoft visual studio\2017\community\vc\tools\msvc\14.16.27023\include\xlocale(3205): warning C4626: 'std::ctype<unsigned short>': 代入演算子は暗黙的に削除済みとして定義されました
c:\program files (x86)\microsoft visual studio\2017\community\vc\tools\msvc\14.16.27023\include\xlocale(3250): warning C4625: 'std::ctype_byname<char>': コピー コンストラクターは暗黙的に削除済みとして定義されました
c:\program files (x86)\microsoft visual studio\2017\community\vc\tools\msvc\14.16.27023\include\xlocale(3250): warning C4626: 'std::ctype_byname<char>': 代入演算子は暗黙的に削除済みとして定義されました
c:\program files (x86)\microsoft visual studio\2017\community\vc\tools\msvc\14.16.27023\include\system_error(498): warning C4625: 'std::_Generic_error_category': コピー コンストラクターは暗黙的に削除済みとして定義されました
c:\program files (x86)\microsoft visual studio\2017\community\vc\tools\msvc\14.16.27023\include\system_error(498): warning C5026: 'std::_Generic_error_category': 移動コンストラクターが暗黙的に削除済みとして定義されました
c:\program files (x86)\microsoft visual studio\2017\community\vc\tools\msvc\14.16.27023\include\system_error(498): warning C4626: 'std::_Generic_error_category': 代入演算子は暗黙的に削除済みとして定義されました
c:\program files (x86)\microsoft visual studio\2017\community\vc\tools\msvc\14.16.27023\include\system_error(498): warning C5027: 'std::_Generic_error_category': 移動代入演算子が暗黙的に削除済みとして定義されました
c:\program files (x86)\microsoft visual studio\2017\community\vc\tools\msvc\14.16.27023\include\system_error(526): warning C4625: 'std::_Iostream_error_category': コピー コンストラクターは暗黙的に削除済みとして定義されました
c:\program files (x86)\microsoft visual studio\2017\community\vc\tools\msvc\14.16.27023\include\system_error(526): warning C5026: 'std::_Iostream_error_category': 移動コンストラクターが暗黙的に削除済みとして定義されました
c:\program files (x86)\microsoft visual studio\2017\community\vc\tools\msvc\14.16.27023\include\system_error(526): warning C4626: 'std::_Iostream_error_category': 代入演算子は暗黙的に削除済みとして定義されました
c:\program files (x86)\microsoft visual studio\2017\community\vc\tools\msvc\14.16.27023\include\system_error(526): warning C5027: 'std::_Iostream_error_category': 移動代入演算子が暗黙的に削除済みとして定義されました
c:\program files (x86)\microsoft visual studio\2017\community\vc\tools\msvc\14.16.27023\include\system_error(574): warning C4625: 'std::_System_error_category': コピー コンストラクターは暗黙的に削除済みとして定義されました
c:\program files (x86)\microsoft visual studio\2017\community\vc\tools\msvc\14.16.27023\include\system_error(574): warning C5026: 'std::_System_error_category': 移動コンストラクターが暗黙的に削除済みとして定義されました
c:\program files (x86)\microsoft visual studio\2017\community\vc\tools\msvc\14.16.27023\include\system_error(574): warning C4626: 'std::_System_error_category': 代入演算子は暗黙的に削除済みとして定義されました
c:\program files (x86)\microsoft visual studio\2017\community\vc\tools\msvc\14.16.27023\include\system_error(574): warning C5027: 'std::_System_error_category': 移動代入演算子が暗黙的に削除済みとして定義されました
c:\program files (x86)\microsoft visual studio\2017\community\vc\tools\msvc\14.16.27023\include\xiosbase(657): warning C4820: 'std::ios_base': '4' バイトのパディングを データ メンバー 'std::ios_base::_Ploc' の後に追加しました。
c:\program files (x86)\microsoft visual studio\2017\community\vc\tools\msvc\14.16.27023\include\xtree(2360): warning C4625: 'std::_Tree<std::_Tmap_traits<_Kty,_Ty,_Pr,_Alloc,false>>': コピー コンストラクターは暗黙的に削除済みとして定義されました
          with
          [
              _Kty=PieceType,
              _Ty=PieceInformation,
              _Pr=std::less<PieceType>,
              _Alloc=std::allocator<std::pair<const PieceType,PieceInformation>>
          ]
  c:\program files (x86)\microsoft visual studio\2017\community\vc\tools\msvc\14.16.27023\include\map(82): note: コンパイル対象の クラス テンプレート インスタンス化 'std::_Tree<std::_Tmap_traits<_Kty,_Ty,_Pr,_Alloc,false>>' のリファレンスを確認してください
          with
          [
              _Kty=PieceType,
              _Ty=PieceInformation,
              _Pr=std::less<PieceType>,
              _Alloc=std::allocator<std::pair<const PieceType,PieceInformation>>
          ]
  c:\users\naoto.hirosato\documents\visualstudioprojects\dxxlibstudyprojects05\main.cpp(149): note: コンパイル対象の クラス テンプレート インスタンス化 'std::map<PieceType,PieceInformation,std::less<_Kty>,std::allocator<std::pair<const _Kty,_Ty>>>' のリファレンスを確認してください
          with
          [
              _Kty=PieceType,
              _Ty=PieceInformation
          ]
c:\program files (x86)\microsoft visual studio\2017\community\vc\tools\msvc\14.16.27023\include\utility(321): warning C4820: 'std::pair<std::_Tree_iterator<std::_Tree_val<std::_Tree_simple_types<_Ty>>>,bool>': '3' バイトのパディングを データ メンバー 'std::pair<std::_Tree_iterator<std::_Tree_val<std::_Tree_simple_types<_Ty>>>,bool>::second' の後に追加しました。
          with
          [
              _Ty=std::pair<const PieceType,PieceInformation>
          ]
  c:\users\naoto.hirosato\documents\visualstudioprojects\dxxlibstudyprojects05\main.cpp(195): note: コンパイル対象の クラス テンプレート インスタンス化 'std::pair<std::_Tree_iterator<std::_Tree_val<std::_Tree_simple_types<_Ty>>>,bool>' のリファレンスを確認してください
          with
          [
              _Ty=std::pair<const PieceType,PieceInformation>
          ]
c:\users\naoto.hirosato\documents\visualstudioprojects\dxxlibstudyprojects05\main.cpp(663): warning C4018: '<': signed と unsigned の数値を比較しようとしました。
c:\users\naoto.hirosato\documents\visualstudioprojects\dxxlibstudyprojects05\main.cpp(666): warning C4365: '引数': 'int' から 'const unsigned int' に変換しました。signed/unsigned が一致しません。
c:\users\naoto.hirosato\documents\visualstudioprojects\dxxlibstudyprojects05\main.cpp(669): warning C4365: '引数': 'int' から 'const unsigned int' に変換しました。signed/unsigned が一致しません。
c:\users\naoto.hirosato\documents\visualstudioprojects\dxxlibstudyprojects05\main.cpp(677): warning C4018: '<': signed と unsigned の数値を比較しようとしました。
c:\users\naoto.hirosato\documents\visualstudioprojects\dxxlibstudyprojects05\main.cpp(679): warning C4365: '引数': 'int' から 'const unsigned int' に変換しました。signed/unsigned が一致しません。
c:\users\naoto.hirosato\documents\visualstudioprojects\dxxlibstudyprojects05\main.cpp(681): warning C4365: '引数': 'int' から 'const unsigned int' に変換しました。signed/unsigned が一致しません。
c:\users\naoto.hirosato\documents\visualstudioprojects\dxxlibstudyprojects05\main.cpp(686): warning C4365: '引数': 'int' から 'const unsigned int' に変換しました。signed/unsigned が一致しません。
c:\users\naoto.hirosato\documents\visualstudioprojects\dxxlibstudyprojects05\main.cpp(778): warning C4365: '引数': 'unsigned int' から 'int' に変換しました。signed/unsigned が一致しません。
c:\users\naoto.hirosato\documents\visualstudioprojects\dxxlibstudyprojects05\main.cpp(781): warning C4365: '引数': 'int' から 'const unsigned int' に変換しました。signed/unsigned が一致しません。
c:\users\naoto.hirosato\documents\visualstudioprojects\dxxlibstudyprojects05\main.cpp(790): warning C4365: '引数': 'int' から 'const unsigned int' に変換しました。signed/unsigned が一致しません。
c:\users\naoto.hirosato\documents\visualstudioprojects\dxxlibstudyprojects05\main.cpp(885): warning C4100: 'nCmdShow': 引数は関数の本体部で 1 度も参照されません。
c:\users\naoto.hirosato\documents\visualstudioprojects\dxxlibstudyprojects05\main.cpp(885): warning C4100: 'lpCmdLine': 引数は関数の本体部で 1 度も参照されません。
c:\users\naoto.hirosato\documents\visualstudioprojects\dxxlibstudyprojects05\main.cpp(885): warning C4100: 'hPrevInstance': 引数は関数の本体部で 1 度も参照されません。
c:\users\naoto.hirosato\documents\visualstudioprojects\dxxlibstudyprojects05\main.cpp(885): warning C4100: 'hInstance': 引数は関数の本体部で 1 度も参照されません。
c:\program files (x86)\microsoft visual studio\2017\community\vc\tools\msvc\14.16.27023\include\xtree(401): warning C4820: 'std::_Tree_node<_Ty,std::_Default_allocator_traits<_Alloc>::void_pointer>': '2' バイトのパディングを データ メンバー 'std::_Tree_node<_Ty,std::_Default_allocator_traits<_Alloc>::void_pointer>::_Isnil' の後に追加しました。
          with
          [
              _Ty=std::pair<const PieceType,PieceInformation>,
              _Alloc=std::allocator<std::pair<const PieceType,PieceInformation>>
          ]
  c:\program files (x86)\microsoft visual studio\2017\community\vc\tools\msvc\14.16.27023\include\xtree(947): note: コンパイル対象の クラス テンプレート インスタンス化 'std::_Tree_node<_Ty,std::_Default_allocator_traits<_Alloc>::void_pointer>' のリファレンスを確認してください
          with
          [
              _Ty=std::pair<const PieceType,PieceInformation>,
              _Alloc=std::allocator<std::pair<const PieceType,PieceInformation>>
          ]
  c:\program files (x86)\microsoft visual studio\2017\community\vc\tools\msvc\14.16.27023\include\xtree(946): note: クラス テンプレート のメンバー関数 'void std::_Tree_comp_alloc<_Traits>::_Freeheadnode(std::_Tree_node<_Ty,std::_Default_allocator_traits<_Alloc>::void_pointer> *)' のコンパイル中
          with
          [
              _Traits=std::_Tmap_traits<PieceType,PieceInformation,std::less<PieceType>,std::allocator<std::pair<const PieceType,PieceInformation>>,false>,
              _Ty=std::pair<const PieceType,PieceInformation>,
              _Alloc=std::allocator<std::pair<const PieceType,PieceInformation>>
          ]
  c:\program files (x86)\microsoft visual studio\2017\community\vc\tools\msvc\14.16.27023\include\xtree(839): note: コンパイル対象の関数 テンプレート インスタンス化 'void std::_Tree_comp_alloc<_Traits>::_Freeheadnode(std::_Tree_node<_Ty,std::_Default_allocator_traits<_Alloc>::void_pointer> *)' のリファレンスを確認してください
          with
          [
              _Traits=std::_Tmap_traits<PieceType,PieceInformation,std::less<PieceType>,std::allocator<std::pair<const PieceType,PieceInformation>>,false>,
              _Ty=std::pair<const PieceType,PieceInformation>,
              _Alloc=std::allocator<std::pair<const PieceType,PieceInformation>>
          ]
  c:\program files (x86)\microsoft visual studio\2017\community\vc\tools\msvc\14.16.27023\include\xtree(1032): note: コンパイル対象の クラス テンプレート インスタンス化 'std::_Tree_comp_alloc<_Traits>' のリファレンスを確認してください
          with
          [
              _Traits=std::_Tmap_traits<PieceType,PieceInformation,std::less<PieceType>,std::allocator<std::pair<const PieceType,PieceInformation>>,false>
          ]
  c:\program files (x86)\microsoft visual studio\2017\community\vc\tools\msvc\14.16.27023\include\map(82): note: コンパイル対象の クラス テンプレート インスタンス化 'std::_Tree<std::_Tmap_traits<_Kty,_Ty,_Pr,_Alloc,false>>' のリファレンスを確認してください
          with
          [
              _Kty=PieceType,
              _Ty=PieceInformation,
              _Pr=std::less<PieceType>,
              _Alloc=std::allocator<std::pair<const PieceType,PieceInformation>>
          ]
  c:\users\naoto.hirosato\documents\visualstudioprojects\dxxlibstudyprojects05\main.cpp(149): note: コンパイル対象の クラス テンプレート インスタンス化 'std::map<PieceType,PieceInformation,std::less<_Kty>,std::allocator<std::pair<const _Kty,_Ty>>>' のリファレンスを確認してください
          with
          [
              _Kty=PieceType,
              _Ty=PieceInformation
          ]
c:\program files (x86)\microsoft visual studio\2017\community\vc\tools\msvc\14.16.27023\include\xtree(831): warning C4571: 情報: catch(...) の意味が Visual C++ 7.1 から変更されています。構造化例外 (SEH) はキャッチされません。
  c:\program files (x86)\microsoft visual studio\2017\community\vc\tools\msvc\14.16.27023\include\xtree(826): note: クラス テンプレート のメンバー関数 'void std::_Tree_comp_alloc<_Traits>::_Construct(void)' のコンパイル中
          with
          [
              _Traits=std::_Tmap_traits<PieceType,PieceInformation,std::less<PieceType>,std::allocator<std::pair<const PieceType,PieceInformation>>,false>
          ]
  c:\program files (x86)\microsoft visual studio\2017\community\vc\tools\msvc\14.16.27023\include\xtree(792): note: コンパイル対象の関数 テンプレート インスタンス化 'void std::_Tree_comp_alloc<_Traits>::_Construct(void)' のリファレンスを確認してください
          with
          [
              _Traits=std::_Tmap_traits<PieceType,PieceInformation,std::less<PieceType>,std::allocator<std::pair<const PieceType,PieceInformation>>,false>
          ]
c:\program files (x86)\microsoft visual studio\2017\community\vc\tools\msvc\14.16.27023\include\xtree(935): warning C4571: 情報: catch(...) の意味が Visual C++ 7.1 から変更されています。構造化例外 (SEH) はキャッチされません。
  c:\program files (x86)\microsoft visual studio\2017\community\vc\tools\msvc\14.16.27023\include\xtree(927): note: クラス テンプレート のメンバー関数 'std::_Tree_node<_Ty,std::_Default_allocator_traits<_Alloc>::void_pointer> *std::_Tree_comp_alloc<_Traits>::_Buyheadnode(void)' のコンパイル中
          with
          [
              _Ty=std::pair<const PieceType,PieceInformation>,
              _Alloc=std::allocator<std::pair<const PieceType,PieceInformation>>,
              _Traits=std::_Tmap_traits<PieceType,PieceInformation,std::less<PieceType>,std::allocator<std::pair<const PieceType,PieceInformation>>,false>
          ]
  c:\program files (x86)\microsoft visual studio\2017\community\vc\tools\msvc\14.16.27023\include\xtree(828): note: コンパイル対象の関数 テンプレート インスタンス化 'std::_Tree_node<_Ty,std::_Default_allocator_traits<_Alloc>::void_pointer> *std::_Tree_comp_alloc<_Traits>::_Buyheadnode(void)' のリファレンスを確認してください
          with
          [
              _Ty=std::pair<const PieceType,PieceInformation>,
              _Alloc=std::allocator<std::pair<const PieceType,PieceInformation>>,
              _Traits=std::_Tmap_traits<PieceType,PieceInformation,std::less<PieceType>,std::allocator<std::pair<const PieceType,PieceInformation>>,false>
          ]
c:\program files (x86)\microsoft visual studio\2017\community\vc\tools\msvc\14.16.27023\include\vector(974): warning C4571: 情報: catch(...) の意味が Visual C++ 7.1 から変更されています。構造化例外 (SEH) はキャッチされません。
  c:\program files (x86)\microsoft visual studio\2017\community\vc\tools\msvc\14.16.27023\include\vector(916): note: コンパイル対象の関数 テンプレート インスタンス化 'RectTransform *std::vector<RectTransform,std::allocator<_Ty>>::_Emplace_reallocate<_Ty>(RectTransform *const ,_Ty &&)' のリファレンスを確認してください
          with
          [
              _Ty=RectTransform
          ]
  c:\program files (x86)\microsoft visual studio\2017\community\vc\tools\msvc\14.16.27023\include\vector(922): note: コンパイル対象の関数 テンプレート インスタンス化 'RectTransform *std::vector<RectTransform,std::allocator<_Ty>>::_Emplace_reallocate<_Ty>(RectTransform *const ,_Ty &&)' のリファレンスを確認してください
          with
          [
              _Ty=RectTransform
          ]
  c:\program files (x86)\microsoft visual studio\2017\community\vc\tools\msvc\14.16.27023\include\vector(937): note: コンパイル対象の関数 テンプレート インスタンス化 'void std::vector<RectTransform,std::allocator<_Ty>>::emplace_back<RectTransform>(RectTransform &&)' のリファレンスを確認してください
          with
          [
              _Ty=RectTransform
          ]
  c:\program files (x86)\microsoft visual studio\2017\community\vc\tools\msvc\14.16.27023\include\vector(936): note: クラス テンプレート のメンバー関数 'void std::vector<RectTransform,std::allocator<_Ty>>::push_back(_Ty &&)' のコンパイル中
          with
          [
              _Ty=RectTransform
          ]
  c:\users\naoto.hirosato\documents\visualstudioprojects\dxxlibstudyprojects05\main.cpp(762): note: コンパイル対象の関数 テンプレート インスタンス化 'void std::vector<RectTransform,std::allocator<_Ty>>::push_back(_Ty &&)' のリファレンスを確認してください
          with
          [
              _Ty=RectTransform
          ]
  c:\users\naoto.hirosato\documents\visualstudioprojects\dxxlibstudyprojects05\main.cpp(752): note: コンパイル対象の クラス テンプレート インスタンス化 'std::vector<RectTransform,std::allocator<_Ty>>' のリファレンスを確認してください
          with
          [
              _Ty=RectTransform
          ]
c:\program files (x86)\microsoft visual studio\2017\community\vc\tools\msvc\14.16.27023\include\tuple(271): warning C4626: 'std::_Tuple_val<_This>': 代入演算子は暗黙的に削除済みとして定義されました
          with
          [
              _This=const PieceType &
          ]
  c:\program files (x86)\microsoft visual studio\2017\community\vc\tools\msvc\14.16.27023\include\tuple(845): note: コンパイル対象の クラス テンプレート インスタンス化 'std::_Tuple_val<_This>' のリファレンスを確認してください
          with
          [
              _This=const PieceType &
          ]
  c:\program files (x86)\microsoft visual studio\2017\community\vc\tools\msvc\14.16.27023\include\map(227): note: コンパイル対象の クラス テンプレート インスタンス化 'std::tuple<const PieceType &>' のリファレンスを確認してください
  c:\program files (x86)\microsoft visual studio\2017\community\vc\tools\msvc\14.16.27023\include\map(247): note: コンパイル対象の関数 テンプレート インスタンス化 'std::pair<std::_Tree_iterator<std::_Tree_val<std::_Tree_simple_types<_Ty>>>,bool> std::map<PieceType,PieceInformation,std::less<_Kty>,std::allocator<_Ty>>::_Try_emplace<const PieceType&,>(_Keyty)' のリファレンスを確認してください
          with
          [
              _Ty=std::pair<const PieceType,PieceInformation>,
              _Kty=PieceType,
              _Keyty=const PieceType &
          ]
  c:\program files (x86)\microsoft visual studio\2017\community\vc\tools\msvc\14.16.27023\include\map(248): note: コンパイル対象の関数 テンプレート インスタンス化 'std::pair<std::_Tree_iterator<std::_Tree_val<std::_Tree_simple_types<_Ty>>>,bool> std::map<PieceType,PieceInformation,std::less<_Kty>,std::allocator<_Ty>>::_Try_emplace<const PieceType&,>(_Keyty)' のリファレンスを確認してください
          with
          [
              _Ty=std::pair<const PieceType,PieceInformation>,
              _Kty=PieceType,
              _Keyty=const PieceType &
          ]
  c:\program files (x86)\microsoft visual studio\2017\community\vc\tools\msvc\14.16.27023\include\map(363): note: コンパイル対象の関数 テンプレート インスタンス化 'std::pair<std::_Tree_iterator<std::_Tree_val<std::_Tree_simple_types<_Ty>>>,bool> std::map<PieceType,PieceInformation,std::less<_Kty>,std::allocator<_Ty>>::try_emplace<>(const PieceType &)' のリファレンスを確認してください
          with
          [
              _Ty=std::pair<const PieceType,PieceInformation>,
              _Kty=PieceType
          ]
  c:\program files (x86)\microsoft visual studio\2017\community\vc\tools\msvc\14.16.27023\include\map(363): note: コンパイル対象の関数 テンプレート インスタンス化 'std::pair<std::_Tree_iterator<std::_Tree_val<std::_Tree_simple_types<_Ty>>>,bool> std::map<PieceType,PieceInformation,std::less<_Kty>,std::allocator<_Ty>>::try_emplace<>(const PieceType &)' のリファレンスを確認してください
          with
          [
              _Ty=std::pair<const PieceType,PieceInformation>,
              _Kty=PieceType
          ]
  c:\program files (x86)\microsoft visual studio\2017\community\vc\tools\msvc\14.16.27023\include\map(362): note: クラス テンプレート のメンバー関数 'PieceInformation &std::map<PieceType,PieceInformation,std::less<_Kty>,std::allocator<std::pair<const _Kty,_Ty>>>::operator [](const PieceType &)' のコンパイル中
          with
          [
              _Kty=PieceType,
              _Ty=PieceInformation
          ]
  c:\users\naoto.hirosato\documents\visualstudioprojects\dxxlibstudyprojects05\main.cpp(568): note: コンパイル対象の関数 テンプレート インスタンス化 'PieceInformation &std::map<PieceType,PieceInformation,std::less<_Kty>,std::allocator<std::pair<const _Kty,_Ty>>>::operator [](const PieceType &)' のリファレンスを確認してください
          with
          [
              _Kty=PieceType,
              _Ty=PieceInformation
          ]
c:\program files (x86)\microsoft visual studio\2017\community\vc\tools\msvc\14.16.27023\include\tuple(271): warning C5027: 'std::_Tuple_val<_This>': 移動代入演算子が暗黙的に削除済みとして定義されました
          with
          [
              _This=const PieceType &
          ]
c:\program files (x86)\microsoft visual studio\2017\community\vc\tools\msvc\14.16.27023\include\xtree(985): warning C4571: 情報: catch(...) の意味が Visual C++ 7.1 から変更されています。構造化例外 (SEH) はキャッチされません。
  c:\program files (x86)\microsoft visual studio\2017\community\vc\tools\msvc\14.16.27023\include\xtree(1154): note: コンパイル対象の関数 テンプレート インスタンス化 'std::_Tree_node<_Ty,std::_Default_allocator_traits<_Alloc>::void_pointer> *std::_Tree_comp_alloc<_Traits>::_Buynode<std::pair<PieceType,PieceInformation>>(std::pair<PieceType,PieceInformation> &&)' のリファレンスを確認してください
          with
          [
              _Ty=std::pair<const PieceType,PieceInformation>,
              _Alloc=std::allocator<std::pair<const PieceType,PieceInformation>>,
              _Traits=std::_Tmap_traits<PieceType,PieceInformation,std::less<PieceType>,std::allocator<std::pair<const PieceType,PieceInformation>>,false>
          ]
  c:\program files (x86)\microsoft visual studio\2017\community\vc\tools\msvc\14.16.27023\include\xtree(1155): note: コンパイル対象の関数 テンプレート インスタンス化 'std::_Tree_node<_Ty,std::_Default_allocator_traits<_Alloc>::void_pointer> *std::_Tree_comp_alloc<_Traits>::_Buynode<std::pair<PieceType,PieceInformation>>(std::pair<PieceType,PieceInformation> &&)' のリファレンスを確認してください
          with
          [
              _Ty=std::pair<const PieceType,PieceInformation>,
              _Alloc=std::allocator<std::pair<const PieceType,PieceInformation>>,
              _Traits=std::_Tmap_traits<PieceType,PieceInformation,std::less<PieceType>,std::allocator<std::pair<const PieceType,PieceInformation>>,false>
          ]
  c:\program files (x86)\microsoft visual studio\2017\community\vc\tools\msvc\14.16.27023\include\map(213): note: コンパイル対象の関数 テンプレート インスタンス化 'std::pair<std::_Tree_iterator<std::_Tree_val<std::_Tree_simple_types<_Ty>>>,bool> std::_Tree<std::_Tmap_traits<_Kty,PieceInformation,_Pr,_Alloc,false>>::emplace<std::pair<PieceType,PieceInformation>>(std::pair<PieceType,PieceInformation> &&)' のリファレンスを確認してください
          with
          [
              _Ty=std::pair<const PieceType,PieceInformation>,
              _Kty=PieceType,
              _Pr=std::less<PieceType>,
              _Alloc=std::allocator<std::pair<const PieceType,PieceInformation>>
          ]
  c:\program files (x86)\microsoft visual studio\2017\community\vc\tools\msvc\14.16.27023\include\map(213): note: コンパイル対象の関数 テンプレート インスタンス化 'std::pair<std::_Tree_iterator<std::_Tree_val<std::_Tree_simple_types<_Ty>>>,bool> std::_Tree<std::_Tmap_traits<_Kty,PieceInformation,_Pr,_Alloc,false>>::emplace<std::pair<PieceType,PieceInformation>>(std::pair<PieceType,PieceInformation> &&)' のリファレンスを確認してください
          with
          [
              _Ty=std::pair<const PieceType,PieceInformation>,
              _Kty=PieceType,
              _Pr=std::less<PieceType>,
              _Alloc=std::allocator<std::pair<const PieceType,PieceInformation>>
          ]
  c:\users\naoto.hirosato\documents\visualstudioprojects\dxxlibstudyprojects05\main.cpp(195): note: コンパイル対象の関数 テンプレート インスタンス化 'std::pair<std::_Tree_iterator<std::_Tree_val<std::_Tree_simple_types<_Ty>>>,bool> std::map<PieceType,PieceInformation,std::less<_Kty>,std::allocator<_Ty>>::insert<std::pair<PieceType,PieceInformation>,void>(_Valty &&)' のリファレンスを確認してください
          with
          [
              _Ty=std::pair<const PieceType,PieceInformation>,
              _Kty=PieceType,
              _Valty=std::pair<PieceType,PieceInformation>
          ]
  c:\users\naoto.hirosato\documents\visualstudioprojects\dxxlibstudyprojects05\main.cpp(195): note: コンパイル対象の関数 テンプレート インスタンス化 'std::pair<std::_Tree_iterator<std::_Tree_val<std::_Tree_simple_types<_Ty>>>,bool> std::map<PieceType,PieceInformation,std::less<_Kty>,std::allocator<_Ty>>::insert<std::pair<PieceType,PieceInformation>,void>(_Valty &&)' のリファレンスを確認してください
          with
          [
              _Ty=std::pair<const PieceType,PieceInformation>,
              _Kty=PieceType,
              _Valty=std::pair<PieceType,PieceInformation>
          ]
c:\program files (x86)\microsoft visual studio\2017\community\vc\tools\msvc\14.16.27023\include\xtree(1796): warning C4571: 情報: catch(...) の意味が Visual C++ 7.1 から変更されています。構造化例外 (SEH) はキャッチされません。
  c:\program files (x86)\microsoft visual studio\2017\community\vc\tools\msvc\14.16.27023\include\xtree(1154): note: コンパイル対象の関数 テンプレート インスタンス化 'std::pair<std::_Tree_iterator<std::_Tree_val<std::_Tree_simple_types<_Ty>>>,bool> std::_Tree<std::_Tmap_traits<_Kty,PieceInformation,_Pr,_Alloc,false>>::_Insert_nohint<_Value_type&,std::_Tree_node<_Value_type,std::_Default_allocator_traits<_Alloc>::void_pointer>*>(bool,_Valty,_Nodety)' のリファレンスを確認してください
          with
          [
              _Ty=std::pair<const PieceType,PieceInformation>,
              _Kty=PieceType,
              _Pr=std::less<PieceType>,
              _Alloc=std::allocator<std::pair<const PieceType,PieceInformation>>,
              _Value_type=std::pair<const PieceType,PieceInformation>,
              _Valty=std::pair<const PieceType,PieceInformation> &,
              _Nodety=std::_Tree_node<std::pair<const PieceType,PieceInformation>,std::_Default_allocator_traits<std::allocator<std::pair<const PieceType,PieceInformation>>>::void_pointer> *
          ]
  c:\program files (x86)\microsoft visual studio\2017\community\vc\tools\msvc\14.16.27023\include\xtree(1156): note: コンパイル対象の関数 テンプレート インスタンス化 'std::pair<std::_Tree_iterator<std::_Tree_val<std::_Tree_simple_types<_Ty>>>,bool> std::_Tree<std::_Tmap_traits<_Kty,PieceInformation,_Pr,_Alloc,false>>::_Insert_nohint<_Value_type&,std::_Tree_node<_Value_type,std::_Default_allocator_traits<_Alloc>::void_pointer>*>(bool,_Valty,_Nodety)' のリファレンスを確認してください
          with
          [
              _Ty=std::pair<const PieceType,PieceInformation>,
              _Kty=PieceType,
              _Pr=std::less<PieceType>,
              _Alloc=std::allocator<std::pair<const PieceType,PieceInformation>>,
              _Value_type=std::pair<const PieceType,PieceInformation>,
              _Valty=std::pair<const PieceType,PieceInformation> &,
              _Nodety=std::_Tree_node<std::pair<const PieceType,PieceInformation>,std::_Default_allocator_traits<std::allocator<std::pair<const PieceType,PieceInformation>>>::void_pointer> *
          ]
c:\program files (x86)\microsoft visual studio\2017\community\vc\tools\msvc\14.16.27023\include\xtree(961): warning C4571: 情報: catch(...) の意味が Visual C++ 7.1 から変更されています。構造化例外 (SEH) はキャッチされません。
  c:\program files (x86)\microsoft visual studio\2017\community\vc\tools\msvc\14.16.27023\include\xtree(951): note: クラス テンプレート のメンバー関数 'std::_Tree_node<_Ty,std::_Default_allocator_traits<_Alloc>::void_pointer> *std::_Tree_comp_alloc<_Traits>::_Buynode0(void)' のコンパイル中
          with
          [
              _Ty=std::pair<const PieceType,PieceInformation>,
              _Alloc=std::allocator<std::pair<const PieceType,PieceInformation>>,
              _Traits=std::_Tmap_traits<PieceType,PieceInformation,std::less<PieceType>,std::allocator<std::pair<const PieceType,PieceInformation>>,false>
          ]
  c:\program files (x86)\microsoft visual studio\2017\community\vc\tools\msvc\14.16.27023\include\xtree(977): note: コンパイル対象の関数 テンプレート インスタンス化 'std::_Tree_node<_Ty,std::_Default_allocator_traits<_Alloc>::void_pointer> *std::_Tree_comp_alloc<_Traits>::_Buynode0(void)' のリファレンスを確認してください
          with
          [
              _Ty=std::pair<const PieceType,PieceInformation>,
              _Alloc=std::allocator<std::pair<const PieceType,PieceInformation>>,
              _Traits=std::_Tmap_traits<PieceType,PieceInformation,std::less<PieceType>,std::allocator<std::pair<const PieceType,PieceInformation>>,false>
          ]
c:\program files (x86)\microsoft visual studio\2017\community\vc\tools\msvc\14.16.27023\include\xtree(1720): warning C4571: 情報: catch(...) の意味が Visual C++ 7.1 から変更されています。構造化例外 (SEH) はキャッチされません。
  c:\program files (x86)\microsoft visual studio\2017\community\vc\tools\msvc\14.16.27023\include\xtree(1161): note: コンパイル対象の関数 テンプレート インスタンス化 'std::_Tree_iterator<std::_Tree_val<std::_Tree_simple_types<_Ty>>> std::_Tree<std::_Tmap_traits<_Kty,PieceInformation,_Pr,_Alloc,false>>::_Insert_hint<_Value_type&,std::_Tree_node<_Value_type,std::_Default_allocator_traits<_Alloc>::void_pointer>*>(std::_Tree_const_iterator<std::_Tree_val<std::_Tree_simple_types<_Ty>>>,_Valty,_Nodety)' のリファレンスを確認してください
          with
          [
              _Ty=std::pair<const PieceType,PieceInformation>,
              _Kty=PieceType,
              _Pr=std::less<PieceType>,
              _Alloc=std::allocator<std::pair<const PieceType,PieceInformation>>,
              _Value_type=std::pair<const PieceType,PieceInformation>,
              _Valty=std::pair<const PieceType,PieceInformation> &,
              _Nodety=std::_Tree_node<std::pair<const PieceType,PieceInformation>,std::_Default_allocator_traits<std::allocator<std::pair<const PieceType,PieceInformation>>>::void_pointer> *
          ]
  c:\program files (x86)\microsoft visual studio\2017\community\vc\tools\msvc\14.16.27023\include\xtree(1163): note: コンパイル対象の関数 テンプレート インスタンス化 'std::_Tree_iterator<std::_Tree_val<std::_Tree_simple_types<_Ty>>> std::_Tree<std::_Tmap_traits<_Kty,PieceInformation,_Pr,_Alloc,false>>::_Insert_hint<_Value_type&,std::_Tree_node<_Value_type,std::_Default_allocator_traits<_Alloc>::void_pointer>*>(std::_Tree_const_iterator<std::_Tree_val<std::_Tree_simple_types<_Ty>>>,_Valty,_Nodety)' のリファレンスを確認してください
          with
          [
              _Ty=std::pair<const PieceType,PieceInformation>,
              _Kty=PieceType,
              _Pr=std::less<PieceType>,
              _Alloc=std::allocator<std::pair<const PieceType,PieceInformation>>,
              _Value_type=std::pair<const PieceType,PieceInformation>,
              _Valty=std::pair<const PieceType,PieceInformation> &,
              _Nodety=std::_Tree_node<std::pair<const PieceType,PieceInformation>,std::_Default_allocator_traits<std::allocator<std::pair<const PieceType,PieceInformation>>>::void_pointer> *
          ]
c:\users\naoto.hirosato\documents\visualstudioprojects\dxxlibstudyprojects05\main.cpp(267): warning C5045: /Qspectre スイッチが
  c:\users\naoto.hirosato\documents\visualstudioprojects\dxxlibstudyprojects05\main.cpp(263) : 注: この行で比較を行ってインデックス '_col' の範囲を確認します
  c:\users\naoto.hirosato\documents\visualstudioprojects\dxxlibstudyprojects05\main.cpp(267) : 注: この行に呼び出しを入力します に指定されている場合、コンパイラはメモリの読み込みに Spectre の軽減策を挿入します
c:\users\naoto.hirosato\documents\visualstudioprojects\dxxlibstudyprojects05\main.cpp(416): warning C5045: /Qspectre スイッチが
  c:\users\naoto.hirosato\documents\visualstudioprojects\dxxlibstudyprojects05\main.cpp(413) : 注: この行で比較を行ってインデックス 'j' の範囲を確認します
  c:\users\naoto.hirosato\documents\visualstudioprojects\dxxlibstudyprojects05\main.cpp(416) : 注: この行に呼び出しを入力します に指定されている場合、コンパイラはメモリの読み込みに Spectre の軽減策を挿入します
c:\users\naoto.hirosato\documents\visualstudioprojects\dxxlibstudyprojects05\main.cpp(304): warning C5045: /Qspectre スイッチが
  c:\users\naoto.hirosato\documents\visualstudioprojects\dxxlibstudyprojects05\main.cpp(301) : 注: この行で比較を行ってインデックス '_arrayNumber' の範囲を確認します
  c:\users\naoto.hirosato\documents\visualstudioprojects\dxxlibstudyprojects05\main.cpp(338) : 注: この行にメモリの読み込みを入力します に指定されている場合、コンパイラはメモリの読み込みに Spectre の軽減策を挿入します
c:\users\naoto.hirosato\documents\visualstudioprojects\dxxlibstudyprojects05\main.cpp(588): warning C5045: /Qspectre スイッチが
  c:\users\naoto.hirosato\documents\visualstudioprojects\dxxlibstudyprojects05\main.cpp(585) : 注: この行で比較を行ってインデックス '_arrayNum' の範囲を確認します
  c:\users\naoto.hirosato\documents\visualstudioprojects\dxxlibstudyprojects05\main.cpp(622) : 注: この行にメモリの読み込みを入力します に指定されている場合、コンパイラはメモリの読み込みに Spectre の軽減策を挿入します
c:\users\naoto.hirosato\documents\visualstudioprojects\dxxlibstudyprojects05\main.cpp(695): warning C5045: /Qspectre スイッチが
  c:\users\naoto.hirosato\documents\visualstudioprojects\dxxlibstudyprojects05\main.cpp(692) : 注: この行で比較を行ってインデックス '_arrayNum' の範囲を確認します
  c:\users\naoto.hirosato\documents\visualstudioprojects\dxxlibstudyprojects05\main.cpp(729) : 注: この行にメモリの読み込みを入力します に指定されている場合、コンパイラはメモリの読み込みに Spectre の軽減策を挿入します
  DxxlibStudyProjects05.vcxproj -> C:\Users\naoto.hirosato\Documents\VisualStudioProjects\DxxlibStudyProjects05\Debug\DxlibStudyProjects04.exe
